2023-11-27 15:36:26,828 [Worker-3: Loading available Gradle versions] INFO  o.e.b.c.i.u.g.PublishedGradleVersions - Gradle version information cache is up-to-date. Trying to read.
2023-11-27 15:38:15,033 [Worker-3: Loading available Gradle versions] INFO  o.e.b.c.i.u.g.PublishedGradleVersions - Gradle version information cache is up-to-date. Trying to read.
2023-11-27 15:39:39,257 [Worker-3: Loading available Gradle versions] INFO  o.e.b.c.i.u.g.PublishedGradleVersions - Gradle version information cache is up-to-date. Trying to read.
2023-11-27 15:42:02,144 [Worker-8: Building] INFO  o.e.m.c.i.l.LifecycleMappingFactory - Using org.eclipse.m2e.jdt.JarLifecycleMapping lifecycle mapping for MavenProject: groTechMinds:Selenium:0.0.1-SNAPSHOT @ C:\LaptopData\GroTechMindClass\Selenium\pom.xml.
2023-11-27 15:42:02,702 [Worker-8: Building] INFO  o.e.m.c.i.embedder.EclipseLogger - Using 'UTF-8' encoding to copy filtered resources.
2023-11-27 15:42:02,702 [Worker-8: Building] INFO  o.e.m.c.i.embedder.EclipseLogger - skip non existing resourceDirectory C:\LaptopData\GroTechMindClass\Selenium\src\main\resources
2023-11-27 15:42:02,706 [Worker-8: Building] INFO  o.e.m.c.i.embedder.EclipseLogger - Using 'UTF-8' encoding to copy filtered resources.
2023-11-27 15:42:02,707 [Worker-8: Building] INFO  o.e.m.c.i.embedder.EclipseLogger - skip non existing resourceDirectory C:\LaptopData\GroTechMindClass\Selenium\src\test\resources
2023-11-27 15:42:03,801 [Worker-16: Updating Maven Dependencies] INFO  o.e.m.c.i.l.LifecycleMappingFactory - Using org.eclipse.m2e.jdt.JarLifecycleMapping lifecycle mapping for MavenProject: groTechMinds:Selenium:0.0.1-SNAPSHOT @ C:\LaptopData\GroTechMindClass\Selenium\pom.xml.
2023-11-27 15:45:06,421 [Worker-16: Building] INFO  o.e.m.c.i.l.LifecycleMappingFactory - Using org.eclipse.m2e.jdt.JarLifecycleMapping lifecycle mapping for MavenProject: SeleniumCFTTesting:SeleniumCFTTesting:0.0.1-SNAPSHOT @ C:\LaptopData\GroTechMindClass\SeleniumCFTTesting\pom.xml.
2023-11-27 15:45:07,530 [Worker-16: Building] INFO  o.e.m.c.i.embedder.EclipseLogger - Using 'UTF-8' encoding to copy filtered resources.
2023-11-27 15:45:07,531 [Worker-16: Building] INFO  o.e.m.c.i.embedder.EclipseLogger - skip non existing resourceDirectory C:\LaptopData\GroTechMindClass\SeleniumCFTTesting\src\main\resources
2023-11-27 15:45:07,534 [Worker-16: Building] INFO  o.e.m.c.i.embedder.EclipseLogger - Using 'UTF-8' encoding to copy filtered resources.
2023-11-27 15:45:07,534 [Worker-16: Building] INFO  o.e.m.c.i.embedder.EclipseLogger - skip non existing resourceDirectory C:\LaptopData\GroTechMindClass\SeleniumCFTTesting\src\test\resources
2023-11-27 15:45:08,169 [Worker-16: Updating Maven Dependencies] INFO  o.e.m.c.i.l.LifecycleMappingFactory - Using org.eclipse.m2e.jdt.JarLifecycleMapping lifecycle mapping for MavenProject: SeleniumCFTTesting:SeleniumCFTTesting:0.0.1-SNAPSHOT @ C:\LaptopData\GroTechMindClass\SeleniumCFTTesting\pom.xml.
2023-11-27 15:46:22,556 [Worker-27: Building] INFO  o.e.m.c.i.embedder.EclipseLogger - Using 'UTF-8' encoding to copy filtered resources.
2023-11-27 15:46:22,560 [Worker-27: Building] INFO  o.e.m.c.i.embedder.EclipseLogger - Copying 0 resource
2023-11-27 15:46:22,565 [Worker-27: Building] INFO  o.e.m.c.i.embedder.EclipseLogger - Using 'UTF-8' encoding to copy filtered resources.
2023-11-27 15:46:22,565 [Worker-27: Building] INFO  o.e.m.c.i.embedder.EclipseLogger - Copying 0 resource
2023-11-27 15:46:55,005 [Worker-25: Building] INFO  o.e.m.c.i.embedder.EclipseLogger - Using 'UTF-8' encoding to copy filtered resources.
2023-11-27 15:46:55,005 [Worker-25: Building] INFO  o.e.m.c.i.embedder.EclipseLogger - Copying 0 resource
2023-11-27 15:46:55,008 [Worker-25: Building] INFO  o.e.m.c.i.embedder.EclipseLogger - Using 'UTF-8' encoding to copy filtered resources.
2023-11-27 15:46:55,009 [Worker-25: Building] INFO  o.e.m.c.i.embedder.EclipseLogger - Copying 0 resource
2023-11-27 16:15:53,348 [Worker-58: Updating Maven Project] INFO  o.e.m.c.i.p.ProjectConfigurationManager - Update started
2023-11-27 16:15:53,778 [Worker-58: Updating Maven Project] INFO  o.e.m.c.i.l.LifecycleMappingFactory - Using org.eclipse.m2e.jdt.JarLifecycleMapping lifecycle mapping for MavenProject: groTechMinds:Selenium:0.0.1-SNAPSHOT @ C:\LaptopData\GroTechMindClass\Selenium\pom.xml.
2023-11-27 16:15:53,987 [Worker-58: Updating Maven Project] INFO  o.e.m.c.i.l.LifecycleMappingFactory - Using org.eclipse.m2e.jdt.JarLifecycleMapping lifecycle mapping for MavenProject: SeleniumCFTTesting:SeleniumCFTTesting:0.0.1-SNAPSHOT @ C:\LaptopData\GroTechMindClass\SeleniumCFTTesting\pom.xml.
2023-11-27 16:15:54,610 [Worker-58: Updating Maven Project] INFO  o.e.m.j.i.AbstractJavaProjectConfigurator - Adding source folder /Selenium/src/main/java
2023-11-27 16:15:54,610 [Worker-58: Updating Maven Project] INFO  o.e.m.j.i.AbstractJavaProjectConfigurator - Adding resource folder /Selenium/src/main/resources
2023-11-27 16:15:54,617 [Worker-58: Updating Maven Project] INFO  o.e.m.j.i.AbstractJavaProjectConfigurator - Adding source folder /Selenium/src/test/java
2023-11-27 16:15:54,617 [Worker-58: Updating Maven Project] INFO  o.e.m.j.i.AbstractJavaProjectConfigurator - Adding resource folder /Selenium/src/test/resources
2023-11-27 16:15:54,619 [Worker-58: Updating Maven Project] ERROR o.e.m.j.i.AbstractJavaProjectConfigurator - Failed to find a compatible VM for environment id 'JavaSE-1.8', falling back to workspace default
2023-11-27 16:15:54,753 [Worker-58: Updating Maven Project] INFO  o.e.m.j.i.AbstractJavaProjectConfigurator - Adding source folder /SeleniumCFTTesting/src/main/java
2023-11-27 16:15:54,753 [Worker-58: Updating Maven Project] INFO  o.e.m.j.i.AbstractJavaProjectConfigurator - Adding resource folder /SeleniumCFTTesting/src/main/resources
2023-11-27 16:15:54,756 [Worker-58: Updating Maven Project] INFO  o.e.m.j.i.AbstractJavaProjectConfigurator - Adding source folder /SeleniumCFTTesting/src/test/java
2023-11-27 16:15:54,756 [Worker-58: Updating Maven Project] INFO  o.e.m.j.i.AbstractJavaProjectConfigurator - Adding resource folder /SeleniumCFTTesting/src/test/resources
2023-11-27 16:15:54,758 [Worker-58: Updating Maven Project] ERROR o.e.m.j.i.AbstractJavaProjectConfigurator - Failed to find a compatible VM for environment id 'JavaSE-17', falling back to workspace default
2023-11-27 16:15:55,070 [Worker-58: Updating Maven Project] INFO  o.e.m.c.i.p.ProjectConfigurationManager - Update completed for 2 poms: local refresh takes 0.00 sec, refresh facades takes 1.00 sec, update config takes 0.00 sec 
2023-11-27 16:15:55,332 [Worker-59: Building] INFO  o.e.m.c.i.embedder.EclipseLogger - Using 'UTF-8' encoding to copy filtered resources.
2023-11-27 16:15:55,333 [Worker-59: Building] INFO  o.e.m.c.i.embedder.EclipseLogger - Copying 0 resource
2023-11-27 16:15:55,337 [Worker-59: Building] INFO  o.e.m.c.i.embedder.EclipseLogger - Using 'UTF-8' encoding to copy filtered resources.
2023-11-27 16:15:55,337 [Worker-59: Building] INFO  o.e.m.c.i.embedder.EclipseLogger - Copying 0 resource
2023-11-27 16:15:55,629 [Worker-59: Building] INFO  o.e.m.c.i.embedder.EclipseLogger - Using 'UTF-8' encoding to copy filtered resources.
2023-11-27 16:15:55,629 [Worker-59: Building] INFO  o.e.m.c.i.embedder.EclipseLogger - Copying 0 resource
2023-11-27 16:15:55,631 [Worker-59: Building] INFO  o.e.m.c.i.embedder.EclipseLogger - Using 'UTF-8' encoding to copy filtered resources.
2023-11-27 16:15:55,631 [Worker-59: Building] INFO  o.e.m.c.i.embedder.EclipseLogger - Copying 0 resource
2023-11-27 16:16:12,669 [Start Help Server] INFO  org.eclipse.jetty.server.Server - jetty-10.0.15; built: 2023-04-11T17:25:14.480Z; git: 68017dbd00236bb7e187330d7585a059610f661d; jvm 21.0.1+12-LTS-29
2023-11-27 16:16:12,711 [Start Help Server] INFO  o.e.j.s.s.DefaultSessionIdManager - Session workerName=node0
2023-11-27 16:16:12,740 [Start Help Server] INFO  o.e.j.server.handler.ContextHandler - Started o.e.j.s.ServletContextHandler@745c6a24{/help,null,AVAILABLE}
2023-11-27 16:16:12,760 [Start Help Server] INFO  o.e.jetty.server.AbstractConnector - Started ServerConnector@4b8d4dc6{HTTP/1.1, (http/1.1)}{127.0.0.1:49234}
2023-11-27 16:16:12,764 [Start Help Server] INFO  org.eclipse.jetty.server.Server - Started Server@e699ceb{STARTING}[10.0.15,sto=0] @2205202ms
2023-11-27 16:24:03,954 [Worker-62: Building] INFO  o.e.m.c.i.embedder.EclipseLogger - Using 'UTF-8' encoding to copy filtered resources.
2023-11-27 16:24:03,957 [Worker-62: Building] INFO  o.e.m.c.i.embedder.EclipseLogger - Copying 0 resource
2023-11-27 16:24:03,961 [Worker-62: Building] INFO  o.e.m.c.i.embedder.EclipseLogger - Using 'UTF-8' encoding to copy filtered resources.
2023-11-27 16:24:03,962 [Worker-62: Building] INFO  o.e.m.c.i.embedder.EclipseLogger - Copying 0 resource
2023-11-27 16:24:04,959 [Stop Help Server] INFO  org.eclipse.jetty.server.Server - Stopped Server@e699ceb{STOPPING}[10.0.15,sto=0]
2023-11-27 16:24:04,964 [Stop Help Server] INFO  o.e.jetty.server.AbstractConnector - Stopped ServerConnector@4b8d4dc6{HTTP/1.1, (http/1.1)}{127.0.0.1:0}
2023-11-27 16:24:04,977 [Stop Help Server] INFO  o.e.j.server.handler.ContextHandler - Stopped o.e.j.s.ServletContextHandler@745c6a24{/help,null,STOPPED}
2023-11-27 16:24:17,542 [Worker-3: Loading available Gradle versions] INFO  o.e.b.c.i.u.g.PublishedGradleVersions - Gradle version information cache is up-to-date. Trying to read.
2023-11-27 17:03:34,955 [Worker-0: Loading available Gradle versions] INFO  o.e.b.c.i.u.g.PublishedGradleVersions - Gradle version information cache is up-to-date. Trying to read.
2023-11-27 21:00:19,038 [Worker-3: Loading available Gradle versions] INFO  o.e.b.c.i.u.g.PublishedGradleVersions - Gradle version information cache is up-to-date. Trying to read.
2023-11-28 06:34:14,972 [Worker-5: Loading available Gradle versions] INFO  o.e.b.c.i.u.g.PublishedGradleVersions - Gradle version information cache is up-to-date. Trying to read.
2023-11-28 06:39:02,424 [Worker-4: Loading available Gradle versions] INFO  o.e.b.c.i.u.g.PublishedGradleVersions - Gradle version information cache is up-to-date. Trying to read.
2023-11-28 06:48:02,771 [Worker-22: Building] INFO  o.e.m.c.i.embedder.EclipseLogger - Using 'UTF-8' encoding to copy filtered resources.
2023-11-28 06:48:02,777 [Worker-22: Building] INFO  o.e.m.c.i.embedder.EclipseLogger - Copying 0 resource
2023-11-28 06:48:02,781 [Worker-22: Building] INFO  o.e.m.c.i.embedder.EclipseLogger - Using 'UTF-8' encoding to copy filtered resources.
2023-11-28 06:48:02,782 [Worker-22: Building] INFO  o.e.m.c.i.embedder.EclipseLogger - Copying 0 resource
2023-11-28 08:53:50,126 [Worker-32: Launching mavenrun-a78d526c-1ae2-4cf0-a9d0-40924764a0bd] INFO  o.eclipse.m2e.core.internal.Bundles - getClasspathEntries(Bundle=org.eclipse.m2e.maven.runtime_3.9.400.20230826-0755 [623])
2023-11-28 08:53:50,133 [Worker-32: Launching mavenrun-a78d526c-1ae2-4cf0-a9d0-40924764a0bd] INFO  o.eclipse.m2e.core.internal.Bundles - 	Entry: C:\Users\Mahesh\.p2\pool\plugins\org.eclipse.m2e.maven.runtime_3.9.400.20230826-0755
2023-11-28 08:53:50,134 [Worker-32: Launching mavenrun-a78d526c-1ae2-4cf0-a9d0-40924764a0bd] INFO  o.eclipse.m2e.core.internal.Bundles - 	Entry: C:\Users\Mahesh\.p2\pool\plugins\org.eclipse.m2e.maven.runtime_3.9.400.20230826-0755\jars\aether-connector-okhttp-0.17.8.jar
2023-11-28 08:53:50,134 [Worker-32: Launching mavenrun-a78d526c-1ae2-4cf0-a9d0-40924764a0bd] INFO  o.eclipse.m2e.core.internal.Bundles - 	Entry: C:\Users\Mahesh\.p2\pool\plugins\org.eclipse.m2e.maven.runtime_3.9.400.20230826-0755\jars\aopalliance-1.0.jar
2023-11-28 08:53:50,134 [Worker-32: Launching mavenrun-a78d526c-1ae2-4cf0-a9d0-40924764a0bd] INFO  o.eclipse.m2e.core.internal.Bundles - 	Entry: C:\Users\Mahesh\.p2\pool\plugins\org.eclipse.m2e.maven.runtime_3.9.400.20230826-0755\jars\commons-lang3-3.12.0.jar
2023-11-28 08:53:50,135 [Worker-32: Launching mavenrun-a78d526c-1ae2-4cf0-a9d0-40924764a0bd] INFO  o.eclipse.m2e.core.internal.Bundles - 	Entry: C:\Users\Mahesh\.p2\pool\plugins\org.eclipse.m2e.maven.runtime_3.9.400.20230826-0755\jars\guice-5.1.0.jar
2023-11-28 08:53:50,135 [Worker-32: Launching mavenrun-a78d526c-1ae2-4cf0-a9d0-40924764a0bd] INFO  o.eclipse.m2e.core.internal.Bundles - 	Entry: C:\Users\Mahesh\.p2\pool\plugins\org.eclipse.m2e.maven.runtime_3.9.400.20230826-0755\jars\jansi-2.4.0.jar
2023-11-28 08:53:50,135 [Worker-32: Launching mavenrun-a78d526c-1ae2-4cf0-a9d0-40924764a0bd] INFO  o.eclipse.m2e.core.internal.Bundles - 	Entry: C:\Users\Mahesh\.p2\pool\plugins\org.eclipse.m2e.maven.runtime_3.9.400.20230826-0755\jars\maven-artifact-3.9.4.jar
2023-11-28 08:53:50,135 [Worker-32: Launching mavenrun-a78d526c-1ae2-4cf0-a9d0-40924764a0bd] INFO  o.eclipse.m2e.core.internal.Bundles - 	Entry: C:\Users\Mahesh\.p2\pool\plugins\org.eclipse.m2e.maven.runtime_3.9.400.20230826-0755\jars\maven-builder-support-3.9.4.jar
2023-11-28 08:53:50,136 [Worker-32: Launching mavenrun-a78d526c-1ae2-4cf0-a9d0-40924764a0bd] INFO  o.eclipse.m2e.core.internal.Bundles - 	Entry: C:\Users\Mahesh\.p2\pool\plugins\org.eclipse.m2e.maven.runtime_3.9.400.20230826-0755\jars\maven-compat-3.9.4.jar
2023-11-28 08:53:50,136 [Worker-32: Launching mavenrun-a78d526c-1ae2-4cf0-a9d0-40924764a0bd] INFO  o.eclipse.m2e.core.internal.Bundles - 	Entry: C:\Users\Mahesh\.p2\pool\plugins\org.eclipse.m2e.maven.runtime_3.9.400.20230826-0755\jars\maven-core-3.9.4.jar
2023-11-28 08:53:50,136 [Worker-32: Launching mavenrun-a78d526c-1ae2-4cf0-a9d0-40924764a0bd] INFO  o.eclipse.m2e.core.internal.Bundles - 	Entry: C:\Users\Mahesh\.p2\pool\plugins\org.eclipse.m2e.maven.runtime_3.9.400.20230826-0755\jars\maven-embedder-3.9.4.jar
2023-11-28 08:53:50,136 [Worker-32: Launching mavenrun-a78d526c-1ae2-4cf0-a9d0-40924764a0bd] INFO  o.eclipse.m2e.core.internal.Bundles - 	Entry: C:\Users\Mahesh\.p2\pool\plugins\org.eclipse.m2e.maven.runtime_3.9.400.20230826-0755\jars\maven-model-3.9.4.jar
2023-11-28 08:53:50,136 [Worker-32: Launching mavenrun-a78d526c-1ae2-4cf0-a9d0-40924764a0bd] INFO  o.eclipse.m2e.core.internal.Bundles - 	Entry: C:\Users\Mahesh\.p2\pool\plugins\org.eclipse.m2e.maven.runtime_3.9.400.20230826-0755\jars\maven-model-builder-3.9.4.jar
2023-11-28 08:53:50,137 [Worker-32: Launching mavenrun-a78d526c-1ae2-4cf0-a9d0-40924764a0bd] INFO  o.eclipse.m2e.core.internal.Bundles - 	Entry: C:\Users\Mahesh\.p2\pool\plugins\org.eclipse.m2e.maven.runtime_3.9.400.20230826-0755\jars\maven-plugin-api-3.9.4.jar
2023-11-28 08:53:50,137 [Worker-32: Launching mavenrun-a78d526c-1ae2-4cf0-a9d0-40924764a0bd] INFO  o.eclipse.m2e.core.internal.Bundles - 	Entry: C:\Users\Mahesh\.p2\pool\plugins\org.eclipse.m2e.maven.runtime_3.9.400.20230826-0755\jars\maven-repository-metadata-3.9.4.jar
2023-11-28 08:53:50,137 [Worker-32: Launching mavenrun-a78d526c-1ae2-4cf0-a9d0-40924764a0bd] INFO  o.eclipse.m2e.core.internal.Bundles - 	Entry: C:\Users\Mahesh\.p2\pool\plugins\org.eclipse.m2e.maven.runtime_3.9.400.20230826-0755\jars\maven-resolver-api-1.9.14.jar
2023-11-28 08:53:50,137 [Worker-32: Launching mavenrun-a78d526c-1ae2-4cf0-a9d0-40924764a0bd] INFO  o.eclipse.m2e.core.internal.Bundles - 	Entry: C:\Users\Mahesh\.p2\pool\plugins\org.eclipse.m2e.maven.runtime_3.9.400.20230826-0755\jars\maven-resolver-connector-basic-1.9.14.jar
2023-11-28 08:53:50,138 [Worker-32: Launching mavenrun-a78d526c-1ae2-4cf0-a9d0-40924764a0bd] INFO  o.eclipse.m2e.core.internal.Bundles - 	Entry: C:\Users\Mahesh\.p2\pool\plugins\org.eclipse.m2e.maven.runtime_3.9.400.20230826-0755\jars\maven-resolver-impl-1.9.14.jar
2023-11-28 08:53:50,138 [Worker-32: Launching mavenrun-a78d526c-1ae2-4cf0-a9d0-40924764a0bd] INFO  o.eclipse.m2e.core.internal.Bundles - 	Entry: C:\Users\Mahesh\.p2\pool\plugins\org.eclipse.m2e.maven.runtime_3.9.400.20230826-0755\jars\maven-resolver-named-locks-1.9.14.jar
2023-11-28 08:53:50,139 [Worker-32: Launching mavenrun-a78d526c-1ae2-4cf0-a9d0-40924764a0bd] INFO  o.eclipse.m2e.core.internal.Bundles - 	Entry: C:\Users\Mahesh\.p2\pool\plugins\org.eclipse.m2e.maven.runtime_3.9.400.20230826-0755\jars\maven-resolver-provider-3.9.4.jar
2023-11-28 08:53:50,139 [Worker-32: Launching mavenrun-a78d526c-1ae2-4cf0-a9d0-40924764a0bd] INFO  o.eclipse.m2e.core.internal.Bundles - 	Entry: C:\Users\Mahesh\.p2\pool\plugins\org.eclipse.m2e.maven.runtime_3.9.400.20230826-0755\jars\maven-resolver-spi-1.9.14.jar
2023-11-28 08:53:50,139 [Worker-32: Launching mavenrun-a78d526c-1ae2-4cf0-a9d0-40924764a0bd] INFO  o.eclipse.m2e.core.internal.Bundles - 	Entry: C:\Users\Mahesh\.p2\pool\plugins\org.eclipse.m2e.maven.runtime_3.9.400.20230826-0755\jars\maven-resolver-transport-wagon-1.9.14.jar
2023-11-28 08:53:50,139 [Worker-32: Launching mavenrun-a78d526c-1ae2-4cf0-a9d0-40924764a0bd] INFO  o.eclipse.m2e.core.internal.Bundles - 	Entry: C:\Users\Mahesh\.p2\pool\plugins\org.eclipse.m2e.maven.runtime_3.9.400.20230826-0755\jars\maven-resolver-util-1.9.14.jar
2023-11-28 08:53:50,139 [Worker-32: Launching mavenrun-a78d526c-1ae2-4cf0-a9d0-40924764a0bd] INFO  o.eclipse.m2e.core.internal.Bundles - 	Entry: C:\Users\Mahesh\.p2\pool\plugins\org.eclipse.m2e.maven.runtime_3.9.400.20230826-0755\jars\maven-settings-3.9.4.jar
2023-11-28 08:53:50,140 [Worker-32: Launching mavenrun-a78d526c-1ae2-4cf0-a9d0-40924764a0bd] INFO  o.eclipse.m2e.core.internal.Bundles - 	Entry: C:\Users\Mahesh\.p2\pool\plugins\org.eclipse.m2e.maven.runtime_3.9.400.20230826-0755\jars\maven-settings-builder-3.9.4.jar
2023-11-28 08:53:50,140 [Worker-32: Launching mavenrun-a78d526c-1ae2-4cf0-a9d0-40924764a0bd] INFO  o.eclipse.m2e.core.internal.Bundles - 	Entry: C:\Users\Mahesh\.p2\pool\plugins\org.eclipse.m2e.maven.runtime_3.9.400.20230826-0755\jars\maven-shared-utils-3.3.4.jar
2023-11-28 08:53:50,140 [Worker-32: Launching mavenrun-a78d526c-1ae2-4cf0-a9d0-40924764a0bd] INFO  o.eclipse.m2e.core.internal.Bundles - 	Entry: C:\Users\Mahesh\.p2\pool\plugins\org.eclipse.m2e.maven.runtime_3.9.400.20230826-0755\jars\okhttp-3.14.1.jar
2023-11-28 08:53:50,140 [Worker-32: Launching mavenrun-a78d526c-1ae2-4cf0-a9d0-40924764a0bd] INFO  o.eclipse.m2e.core.internal.Bundles - 	Entry: C:\Users\Mahesh\.p2\pool\plugins\org.eclipse.m2e.maven.runtime_3.9.400.20230826-0755\jars\okio-1.17.3.jar
2023-11-28 08:53:50,140 [Worker-32: Launching mavenrun-a78d526c-1ae2-4cf0-a9d0-40924764a0bd] INFO  o.eclipse.m2e.core.internal.Bundles - 	Entry: C:\Users\Mahesh\.p2\pool\plugins\org.eclipse.m2e.maven.runtime_3.9.400.20230826-0755\jars\org.eclipse.sisu.inject-0.3.5.jar
2023-11-28 08:53:50,140 [Worker-32: Launching mavenrun-a78d526c-1ae2-4cf0-a9d0-40924764a0bd] INFO  o.eclipse.m2e.core.internal.Bundles - 	Entry: C:\Users\Mahesh\.p2\pool\plugins\org.eclipse.m2e.maven.runtime_3.9.400.20230826-0755\jars\org.eclipse.sisu.plexus-0.3.5.jar
2023-11-28 08:53:50,140 [Worker-32: Launching mavenrun-a78d526c-1ae2-4cf0-a9d0-40924764a0bd] INFO  o.eclipse.m2e.core.internal.Bundles - 	Entry: C:\Users\Mahesh\.p2\pool\plugins\org.eclipse.m2e.maven.runtime_3.9.400.20230826-0755\jars\plexus-build-api-0.0.7.jar
2023-11-28 08:53:50,141 [Worker-32: Launching mavenrun-a78d526c-1ae2-4cf0-a9d0-40924764a0bd] INFO  o.eclipse.m2e.core.internal.Bundles - 	Entry: C:\Users\Mahesh\.p2\pool\plugins\org.eclipse.m2e.maven.runtime_3.9.400.20230826-0755\jars\plexus-cipher-2.0.jar
2023-11-28 08:53:50,141 [Worker-32: Launching mavenrun-a78d526c-1ae2-4cf0-a9d0-40924764a0bd] INFO  o.eclipse.m2e.core.internal.Bundles - 	Entry: C:\Users\Mahesh\.p2\pool\plugins\org.eclipse.m2e.maven.runtime_3.9.400.20230826-0755\jars\plexus-classworlds-2.7.0.jar
2023-11-28 08:53:50,143 [Worker-32: Launching mavenrun-a78d526c-1ae2-4cf0-a9d0-40924764a0bd] INFO  o.eclipse.m2e.core.internal.Bundles - 	Entry: C:\Users\Mahesh\.p2\pool\plugins\org.eclipse.m2e.maven.runtime_3.9.400.20230826-0755\jars\plexus-component-annotations-2.1.0.jar
2023-11-28 08:53:50,143 [Worker-32: Launching mavenrun-a78d526c-1ae2-4cf0-a9d0-40924764a0bd] INFO  o.eclipse.m2e.core.internal.Bundles - 	Entry: C:\Users\Mahesh\.p2\pool\plugins\org.eclipse.m2e.maven.runtime_3.9.400.20230826-0755\jars\plexus-interpolation-1.26.jar
2023-11-28 08:53:50,143 [Worker-32: Launching mavenrun-a78d526c-1ae2-4cf0-a9d0-40924764a0bd] INFO  o.eclipse.m2e.core.internal.Bundles - 	Entry: C:\Users\Mahesh\.p2\pool\plugins\org.eclipse.m2e.maven.runtime_3.9.400.20230826-0755\jars\plexus-sec-dispatcher-2.0.jar
2023-11-28 08:53:50,143 [Worker-32: Launching mavenrun-a78d526c-1ae2-4cf0-a9d0-40924764a0bd] INFO  o.eclipse.m2e.core.internal.Bundles - 	Entry: C:\Users\Mahesh\.p2\pool\plugins\org.eclipse.m2e.maven.runtime_3.9.400.20230826-0755\jars\plexus-utils-3.5.1.jar
2023-11-28 08:53:50,143 [Worker-32: Launching mavenrun-a78d526c-1ae2-4cf0-a9d0-40924764a0bd] INFO  o.eclipse.m2e.core.internal.Bundles - 	Entry: C:\Users\Mahesh\.p2\pool\plugins\org.eclipse.m2e.maven.runtime_3.9.400.20230826-0755\jars\wagon-file-3.5.3.jar
2023-11-28 08:53:50,144 [Worker-32: Launching mavenrun-a78d526c-1ae2-4cf0-a9d0-40924764a0bd] INFO  o.eclipse.m2e.core.internal.Bundles - 	Entry: C:\Users\Mahesh\.p2\pool\plugins\org.eclipse.m2e.maven.runtime_3.9.400.20230826-0755\jars\wagon-provider-api-3.5.3.jar
2023-11-28 08:53:50,145 [Worker-32: Launching mavenrun-a78d526c-1ae2-4cf0-a9d0-40924764a0bd] INFO  o.eclipse.m2e.core.internal.Bundles - getClasspathEntries(Bundle=com.google.guava_32.1.2.jre [12])
2023-11-28 08:53:50,145 [Worker-32: Launching mavenrun-a78d526c-1ae2-4cf0-a9d0-40924764a0bd] INFO  o.eclipse.m2e.core.internal.Bundles - 	Entry: C:\Users\Mahesh\.p2\pool\plugins\com.google.guava_32.1.2.jre.jar
2023-11-28 08:53:50,145 [Worker-32: Launching mavenrun-a78d526c-1ae2-4cf0-a9d0-40924764a0bd] INFO  o.eclipse.m2e.core.internal.Bundles - getClasspathEntries(Bundle=slf4j.api_2.0.9 [984])
2023-11-28 08:53:50,145 [Worker-32: Launching mavenrun-a78d526c-1ae2-4cf0-a9d0-40924764a0bd] INFO  o.eclipse.m2e.core.internal.Bundles - 	Entry: C:\Users\Mahesh\.p2\pool\plugins\slf4j.api_2.0.9.jar
2023-11-28 08:53:50,145 [Worker-32: Launching mavenrun-a78d526c-1ae2-4cf0-a9d0-40924764a0bd] INFO  o.eclipse.m2e.core.internal.Bundles - getClasspathEntries(Bundle=javax.inject_1.0.0.v20220405-0441 [38])
2023-11-28 08:53:50,146 [Worker-32: Launching mavenrun-a78d526c-1ae2-4cf0-a9d0-40924764a0bd] INFO  o.eclipse.m2e.core.internal.Bundles - 	Entry: C:\Users\Mahesh\.p2\pool\plugins\javax.inject_1.0.0.v20220405-0441.jar
2023-11-28 08:53:50,146 [Worker-32: Launching mavenrun-a78d526c-1ae2-4cf0-a9d0-40924764a0bd] INFO  o.eclipse.m2e.core.internal.Bundles - getClasspathEntries(Bundle=javax.annotation_1.3.5.v20200909-1856 [36])
2023-11-28 08:53:50,146 [Worker-32: Launching mavenrun-a78d526c-1ae2-4cf0-a9d0-40924764a0bd] INFO  o.eclipse.m2e.core.internal.Bundles - 	Entry: C:\Users\Mahesh\.p2\pool\plugins\javax.annotation_1.3.5.v20200909-1856.jar
2023-11-28 08:53:50,146 [Worker-32: Launching mavenrun-a78d526c-1ae2-4cf0-a9d0-40924764a0bd] INFO  o.eclipse.m2e.core.internal.Bundles - getClasspathEntries(Bundle=org.apache.commons.cli_1.5.0 [73])
2023-11-28 08:53:50,147 [Worker-32: Launching mavenrun-a78d526c-1ae2-4cf0-a9d0-40924764a0bd] INFO  o.eclipse.m2e.core.internal.Bundles - 	Entry: C:\Users\Mahesh\.p2\pool\plugins\org.apache.commons.cli_1.5.0.jar
2023-11-28 08:53:50,147 [Worker-32: Launching mavenrun-a78d526c-1ae2-4cf0-a9d0-40924764a0bd] INFO  o.eclipse.m2e.core.internal.Bundles - getClasspathEntries(Bundle=com.google.guava.failureaccess_1.0.1 [14])
2023-11-28 08:53:50,147 [Worker-32: Launching mavenrun-a78d526c-1ae2-4cf0-a9d0-40924764a0bd] INFO  o.eclipse.m2e.core.internal.Bundles - 	Entry: C:\Users\Mahesh\.p2\pool\plugins\com.google.guava.failureaccess_1.0.1.jar
2023-11-28 08:53:50,152 [Worker-32: Launching mavenrun-a78d526c-1ae2-4cf0-a9d0-40924764a0bd] INFO  o.e.m.i.launch.MavenLaunchDelegate - Run build in "C:\Users\Mahesh\AppData\Local\Temp\m2e-archetypeGenerator9543058632029650079":
2023-11-28 08:53:50,153 [Worker-32: Launching mavenrun-a78d526c-1ae2-4cf0-a9d0-40924764a0bd] INFO  o.e.m.i.launch.MavenLaunchDelegate -  mvn  -DarchetypeGroupId=org.apache.maven.archetypes -DarchetypeArtifactId=maven-archetype-quickstart -DarchetypeVersion=1.4 -DgroupId=pom -DartifactId=FaceBook -Dversion=0.0.1-SNAPSHOT -Dpackage=pom.FaceBookPomAutomation -DoutputDirectory=C:\LaptopData\GroTechMindClass -Dstyle.color=always -U archetype:generate
2023-11-28 08:54:06,956 [Worker-30: Creating maven-archetype-quickstart] INFO  o.e.m.c.i.p.ProjectConfigurationManager - Collecting project info '/pom.xml' C:\LaptopData\GroTechMindClass\FaceBook\pom.xml
2023-11-28 08:54:07,672 [Worker-30: Creating maven-archetype-quickstart] INFO  o.e.m.c.i.l.LifecycleMappingFactory - Using org.eclipse.m2e.jdt.JarLifecycleMapping lifecycle mapping for MavenProject: pom:FaceBook:0.0.1-SNAPSHOT @ C:\LaptopData\GroTechMindClass\FaceBook\pom.xml.
2023-11-28 08:54:08,204 [Worker-30: Creating maven-archetype-quickstart] INFO  o.e.m.j.i.AbstractJavaProjectConfigurator - Adding source folder /FaceBook/src/main/java
2023-11-28 08:54:08,204 [Worker-30: Creating maven-archetype-quickstart] INFO  o.e.m.j.i.AbstractJavaProjectConfigurator - Adding resource folder /FaceBook/src/main/resources
2023-11-28 08:54:08,207 [Worker-30: Creating maven-archetype-quickstart] INFO  o.e.m.j.i.AbstractJavaProjectConfigurator - Adding source folder /FaceBook/src/test/java
2023-11-28 08:54:08,208 [Worker-30: Creating maven-archetype-quickstart] INFO  o.e.m.j.i.AbstractJavaProjectConfigurator - Adding resource folder /FaceBook/src/test/resources
2023-11-28 08:54:08,212 [Worker-30: Creating maven-archetype-quickstart] ERROR o.e.m.j.i.AbstractJavaProjectConfigurator - Failed to find a compatible VM for environment id 'JavaSE-1.7', falling back to workspace default
2023-11-28 08:54:08,289 [Worker-30: Creating maven-archetype-quickstart] INFO  o.e.m.c.i.p.ProjectConfigurationManager - Imported and configured 1 project(s) in 1 sec
2023-11-28 08:54:08,618 [Worker-37: Building] INFO  o.e.m.c.i.embedder.EclipseLogger - Using 'UTF-8' encoding to copy filtered resources.
2023-11-28 08:54:08,618 [Worker-37: Building] INFO  o.e.m.c.i.embedder.EclipseLogger - skip non existing resourceDirectory C:\LaptopData\GroTechMindClass\FaceBook\src\main\resources
2023-11-28 08:54:08,623 [Worker-37: Building] INFO  o.e.m.c.i.embedder.EclipseLogger - Using 'UTF-8' encoding to copy filtered resources.
2023-11-28 08:54:08,623 [Worker-37: Building] INFO  o.e.m.c.i.embedder.EclipseLogger - skip non existing resourceDirectory C:\LaptopData\GroTechMindClass\FaceBook\src\test\resources
2023-11-28 08:56:10,994 [Worker-37: Building] INFO  o.e.m.c.i.embedder.EclipseLogger - Using 'UTF-8' encoding to copy filtered resources.
2023-11-28 08:56:11,003 [Worker-37: Building] INFO  o.e.m.c.i.embedder.EclipseLogger - Copying 0 resource
2023-11-28 08:56:11,008 [Worker-37: Building] INFO  o.e.m.c.i.embedder.EclipseLogger - Using 'UTF-8' encoding to copy filtered resources.
2023-11-28 08:56:11,009 [Worker-37: Building] INFO  o.e.m.c.i.embedder.EclipseLogger - Copying 0 resource
2023-11-28 08:58:51,104 [Start Help Server] INFO  org.eclipse.jetty.server.Server - jetty-10.0.15; built: 2023-04-11T17:25:14.480Z; git: 68017dbd00236bb7e187330d7585a059610f661d; jvm 21.0.1+12-LTS
2023-11-28 08:58:51,150 [Start Help Server] INFO  o.e.j.s.s.DefaultSessionIdManager - Session workerName=node0
2023-11-28 08:58:51,198 [Start Help Server] INFO  o.e.j.server.handler.ContextHandler - Started o.e.j.s.ServletContextHandler@73172c41{/help,null,AVAILABLE}
2023-11-28 08:58:51,226 [Start Help Server] INFO  o.e.jetty.server.AbstractConnector - Started ServerConnector@12e2cf49{HTTP/1.1, (http/1.1)}{127.0.0.1:63887}
2023-11-28 08:58:51,233 [Start Help Server] INFO  org.eclipse.jetty.server.Server - Started Server@52cea529{STARTING}[10.0.15,sto=0] @8401363ms
2023-11-28 09:02:21,776 [Worker-32: Building] INFO  o.e.m.c.i.embedder.EclipseLogger - Using 'UTF-8' encoding to copy filtered resources.
2023-11-28 09:02:21,776 [Worker-32: Building] INFO  o.e.m.c.i.embedder.EclipseLogger - Copying 0 resource
2023-11-28 09:02:21,778 [Worker-32: Building] INFO  o.e.m.c.i.embedder.EclipseLogger - Using 'UTF-8' encoding to copy filtered resources.
2023-11-28 09:02:21,779 [Worker-32: Building] INFO  o.e.m.c.i.embedder.EclipseLogger - Copying 0 resource
2023-11-28 09:04:15,949 [Worker-35: Building] INFO  o.e.m.c.i.embedder.EclipseLogger - Using 'UTF-8' encoding to copy filtered resources.
2023-11-28 09:04:15,951 [Worker-35: Building] INFO  o.e.m.c.i.embedder.EclipseLogger - Copying 0 resource
2023-11-28 09:04:15,955 [Worker-35: Building] INFO  o.e.m.c.i.embedder.EclipseLogger - Using 'UTF-8' encoding to copy filtered resources.
2023-11-28 09:04:15,956 [Worker-35: Building] INFO  o.e.m.c.i.embedder.EclipseLogger - Copying 0 resource
2023-11-28 09:06:45,440 [Worker-34: Building Workspace] INFO  o.e.m.c.i.embedder.EclipseLogger - Using 'UTF-8' encoding to copy filtered resources.
2023-11-28 09:06:45,441 [Worker-34: Building Workspace] INFO  o.e.m.c.i.embedder.EclipseLogger - Copying 0 resource
2023-11-28 09:06:45,445 [Worker-34: Building Workspace] INFO  o.e.m.c.i.embedder.EclipseLogger - Using 'UTF-8' encoding to copy filtered resources.
2023-11-28 09:06:45,446 [Worker-34: Building Workspace] INFO  o.e.m.c.i.embedder.EclipseLogger - Copying 0 resource
2023-11-28 09:07:14,568 [Worker-38: Building] INFO  o.e.m.c.i.embedder.EclipseLogger - Using 'UTF-8' encoding to copy filtered resources.
2023-11-28 09:07:14,568 [Worker-38: Building] INFO  o.e.m.c.i.embedder.EclipseLogger - Copying 0 resource
2023-11-28 09:07:14,571 [Worker-38: Building] INFO  o.e.m.c.i.embedder.EclipseLogger - Using 'UTF-8' encoding to copy filtered resources.
2023-11-28 09:07:14,572 [Worker-38: Building] INFO  o.e.m.c.i.embedder.EclipseLogger - Copying 0 resource
2023-11-28 09:07:43,973 [Worker-34: Building] INFO  o.e.m.c.i.embedder.EclipseLogger - Using 'UTF-8' encoding to copy filtered resources.
2023-11-28 09:07:43,974 [Worker-34: Building] INFO  o.e.m.c.i.embedder.EclipseLogger - Copying 0 resource
2023-11-28 09:07:43,976 [Worker-34: Building] INFO  o.e.m.c.i.embedder.EclipseLogger - Using 'UTF-8' encoding to copy filtered resources.
2023-11-28 09:07:43,977 [Worker-34: Building] INFO  o.e.m.c.i.embedder.EclipseLogger - Copying 0 resource
2023-11-28 09:11:45,239 [Worker-32: Launching TestCase1WithMain] INFO  o.e.m.c.i.embedder.EclipseLogger - Using 'UTF-8' encoding to copy filtered resources.
2023-11-28 09:11:45,240 [Worker-32: Launching TestCase1WithMain] INFO  o.e.m.c.i.embedder.EclipseLogger - Copying 0 resource
2023-11-28 09:11:45,244 [Worker-32: Launching TestCase1WithMain] INFO  o.e.m.c.i.embedder.EclipseLogger - Using 'UTF-8' encoding to copy filtered resources.
2023-11-28 09:11:45,245 [Worker-32: Launching TestCase1WithMain] INFO  o.e.m.c.i.embedder.EclipseLogger - Copying 0 resource
2023-11-28 09:19:30,502 [Worker-40: Building] INFO  o.e.m.c.i.embedder.EclipseLogger - Using 'UTF-8' encoding to copy filtered resources.
2023-11-28 09:19:30,502 [Worker-40: Building] INFO  o.e.m.c.i.embedder.EclipseLogger - Copying 0 resource
2023-11-28 09:19:30,503 [Worker-40: Building] INFO  o.e.m.c.i.embedder.EclipseLogger - Using 'UTF-8' encoding to copy filtered resources.
2023-11-28 09:19:30,504 [Worker-40: Building] INFO  o.e.m.c.i.embedder.EclipseLogger - Copying 0 resource
2023-11-28 09:26:28,689 [Worker-39: Launching TestCase1WithMain] INFO  o.e.m.c.i.embedder.EclipseLogger - Using 'UTF-8' encoding to copy filtered resources.
2023-11-28 09:26:28,690 [Worker-39: Launching TestCase1WithMain] INFO  o.e.m.c.i.embedder.EclipseLogger - Copying 0 resource
2023-11-28 09:26:28,694 [Worker-39: Launching TestCase1WithMain] INFO  o.e.m.c.i.embedder.EclipseLogger - Using 'UTF-8' encoding to copy filtered resources.
2023-11-28 09:26:28,694 [Worker-39: Launching TestCase1WithMain] INFO  o.e.m.c.i.embedder.EclipseLogger - Copying 0 resource
2023-11-28 11:38:59,563 [Worker-48: Building] INFO  o.e.m.c.i.embedder.EclipseLogger - Using 'UTF-8' encoding to copy filtered resources.
2023-11-28 11:38:59,564 [Worker-48: Building] INFO  o.e.m.c.i.embedder.EclipseLogger - Copying 0 resource
2023-11-28 11:38:59,568 [Worker-48: Building] INFO  o.e.m.c.i.embedder.EclipseLogger - Using 'UTF-8' encoding to copy filtered resources.
2023-11-28 11:38:59,568 [Worker-48: Building] INFO  o.e.m.c.i.embedder.EclipseLogger - Copying 0 resource
2023-11-28 11:39:36,860 [Worker-56: Building] INFO  o.e.m.c.i.embedder.EclipseLogger - Using 'UTF-8' encoding to copy filtered resources.
2023-11-28 11:39:36,860 [Worker-56: Building] INFO  o.e.m.c.i.embedder.EclipseLogger - Copying 0 resource
2023-11-28 11:39:36,863 [Worker-56: Building] INFO  o.e.m.c.i.embedder.EclipseLogger - Using 'UTF-8' encoding to copy filtered resources.
2023-11-28 11:39:36,863 [Worker-56: Building] INFO  o.e.m.c.i.embedder.EclipseLogger - Copying 0 resource
2023-11-28 11:46:53,135 [Worker-55: Launching Print_Links] INFO  o.e.m.c.i.embedder.EclipseLogger - Using 'UTF-8' encoding to copy filtered resources.
2023-11-28 11:46:53,136 [Worker-55: Launching Print_Links] INFO  o.e.m.c.i.embedder.EclipseLogger - Copying 0 resource
2023-11-28 11:46:53,138 [Worker-55: Launching Print_Links] INFO  o.e.m.c.i.embedder.EclipseLogger - Using 'UTF-8' encoding to copy filtered resources.
2023-11-28 11:46:53,138 [Worker-55: Launching Print_Links] INFO  o.e.m.c.i.embedder.EclipseLogger - Copying 0 resource
2023-11-28 11:47:12,486 [Worker-55: Building] INFO  o.e.m.c.i.embedder.EclipseLogger - Using 'UTF-8' encoding to copy filtered resources.
2023-11-28 11:47:12,487 [Worker-55: Building] INFO  o.e.m.c.i.embedder.EclipseLogger - Copying 0 resource
2023-11-28 11:47:12,489 [Worker-55: Building] INFO  o.e.m.c.i.embedder.EclipseLogger - Using 'UTF-8' encoding to copy filtered resources.
2023-11-28 11:47:12,490 [Worker-55: Building] INFO  o.e.m.c.i.embedder.EclipseLogger - Copying 0 resource
2023-11-28 11:47:14,550 [Worker-55: Building] INFO  o.e.m.c.i.embedder.EclipseLogger - Using 'UTF-8' encoding to copy filtered resources.
2023-11-28 11:47:14,551 [Worker-55: Building] INFO  o.e.m.c.i.embedder.EclipseLogger - Copying 0 resource
2023-11-28 11:47:14,553 [Worker-55: Building] INFO  o.e.m.c.i.embedder.EclipseLogger - Using 'UTF-8' encoding to copy filtered resources.
2023-11-28 11:47:14,553 [Worker-55: Building] INFO  o.e.m.c.i.embedder.EclipseLogger - Copying 0 resource
2023-11-28 12:13:37,360 [Worker-48: Building] INFO  o.e.m.c.i.embedder.EclipseLogger - Using 'UTF-8' encoding to copy filtered resources.
2023-11-28 12:13:37,361 [Worker-48: Building] INFO  o.e.m.c.i.embedder.EclipseLogger - Copying 0 resource
2023-11-28 12:13:37,364 [Worker-48: Building] INFO  o.e.m.c.i.embedder.EclipseLogger - Using 'UTF-8' encoding to copy filtered resources.
2023-11-28 12:13:37,364 [Worker-48: Building] INFO  o.e.m.c.i.embedder.EclipseLogger - Copying 0 resource
2023-11-28 12:17:31,918 [Worker-53: Building] INFO  o.e.m.c.i.embedder.EclipseLogger - Using 'UTF-8' encoding to copy filtered resources.
2023-11-28 12:17:31,918 [Worker-53: Building] INFO  o.e.m.c.i.embedder.EclipseLogger - Copying 0 resource
2023-11-28 12:17:31,920 [Worker-53: Building] INFO  o.e.m.c.i.embedder.EclipseLogger - Using 'UTF-8' encoding to copy filtered resources.
2023-11-28 12:17:31,921 [Worker-53: Building] INFO  o.e.m.c.i.embedder.EclipseLogger - Copying 0 resource
2023-11-28 18:56:16,646 [Worker-88: Building] INFO  o.e.m.c.i.embedder.EclipseLogger - Using 'UTF-8' encoding to copy filtered resources.
2023-11-28 18:56:16,647 [Worker-88: Building] INFO  o.e.m.c.i.embedder.EclipseLogger - Copying 0 resource
2023-11-28 18:56:16,651 [Worker-88: Building] INFO  o.e.m.c.i.embedder.EclipseLogger - Using 'UTF-8' encoding to copy filtered resources.
2023-11-28 18:56:16,652 [Worker-88: Building] INFO  o.e.m.c.i.embedder.EclipseLogger - Copying 0 resource
2023-11-28 18:56:32,965 [Worker-82: Building] INFO  o.e.m.c.i.embedder.EclipseLogger - Using 'UTF-8' encoding to copy filtered resources.
2023-11-28 18:56:32,966 [Worker-82: Building] INFO  o.e.m.c.i.embedder.EclipseLogger - Copying 0 resource
2023-11-28 18:56:32,969 [Worker-82: Building] INFO  o.e.m.c.i.embedder.EclipseLogger - Using 'UTF-8' encoding to copy filtered resources.
2023-11-28 18:56:32,970 [Worker-82: Building] INFO  o.e.m.c.i.embedder.EclipseLogger - Copying 0 resource
2023-11-28 19:40:31,191 [Worker-96: Building] INFO  o.e.m.c.i.embedder.EclipseLogger - Using 'UTF-8' encoding to copy filtered resources.
2023-11-28 19:40:31,353 [Worker-96: Building] INFO  o.e.m.c.i.embedder.EclipseLogger - Copying 0 resource
2023-11-28 19:40:31,356 [Worker-96: Building] INFO  o.e.m.c.i.embedder.EclipseLogger - Using 'UTF-8' encoding to copy filtered resources.
2023-11-28 19:40:31,356 [Worker-96: Building] INFO  o.e.m.c.i.embedder.EclipseLogger - Copying 0 resource
2023-11-28 19:41:22,729 [Worker-82: Building] INFO  o.e.m.c.i.embedder.EclipseLogger - Using 'UTF-8' encoding to copy filtered resources.
2023-11-28 19:41:22,730 [Worker-82: Building] INFO  o.e.m.c.i.embedder.EclipseLogger - Copying 0 resource
2023-11-28 19:41:22,732 [Worker-82: Building] INFO  o.e.m.c.i.embedder.EclipseLogger - Using 'UTF-8' encoding to copy filtered resources.
2023-11-28 19:41:22,733 [Worker-82: Building] INFO  o.e.m.c.i.embedder.EclipseLogger - Copying 0 resource
2023-11-28 19:43:24,001 [Worker-96: Building] INFO  o.e.m.c.i.embedder.EclipseLogger - Using 'UTF-8' encoding to copy filtered resources.
2023-11-28 19:43:24,002 [Worker-96: Building] INFO  o.e.m.c.i.embedder.EclipseLogger - Copying 0 resource
2023-11-28 19:43:24,004 [Worker-96: Building] INFO  o.e.m.c.i.embedder.EclipseLogger - Using 'UTF-8' encoding to copy filtered resources.
2023-11-28 19:43:24,005 [Worker-96: Building] INFO  o.e.m.c.i.embedder.EclipseLogger - Copying 0 resource
2023-11-28 19:43:44,680 [Worker-96: Launching Assert_Keyword_Prog] INFO  o.e.m.c.i.embedder.EclipseLogger - Using 'UTF-8' encoding to copy filtered resources.
2023-11-28 19:43:44,681 [Worker-96: Launching Assert_Keyword_Prog] INFO  o.e.m.c.i.embedder.EclipseLogger - Copying 0 resource
2023-11-28 19:43:44,684 [Worker-96: Launching Assert_Keyword_Prog] INFO  o.e.m.c.i.embedder.EclipseLogger - Using 'UTF-8' encoding to copy filtered resources.
2023-11-28 19:43:44,685 [Worker-96: Launching Assert_Keyword_Prog] INFO  o.e.m.c.i.embedder.EclipseLogger - Copying 0 resource
2023-11-28 19:43:56,378 [Worker-97: Building] INFO  o.e.m.c.i.embedder.EclipseLogger - Using 'UTF-8' encoding to copy filtered resources.
2023-11-28 19:43:56,379 [Worker-97: Building] INFO  o.e.m.c.i.embedder.EclipseLogger - Copying 0 resource
2023-11-28 19:43:56,381 [Worker-97: Building] INFO  o.e.m.c.i.embedder.EclipseLogger - Using 'UTF-8' encoding to copy filtered resources.
2023-11-28 19:43:56,382 [Worker-97: Building] INFO  o.e.m.c.i.embedder.EclipseLogger - Copying 0 resource
2023-11-29 08:56:14,137 [Worker-102: Building] INFO  o.e.m.c.i.embedder.EclipseLogger - Using 'UTF-8' encoding to copy filtered resources.
2023-11-29 08:56:14,139 [Worker-102: Building] INFO  o.e.m.c.i.embedder.EclipseLogger - Copying 0 resource
2023-11-29 08:56:14,144 [Worker-102: Building] INFO  o.e.m.c.i.embedder.EclipseLogger - Using 'UTF-8' encoding to copy filtered resources.
2023-11-29 08:56:14,145 [Worker-102: Building] INFO  o.e.m.c.i.embedder.EclipseLogger - Copying 0 resource
2023-11-29 08:56:32,052 [Worker-102: Building] INFO  o.e.m.c.i.embedder.EclipseLogger - Using 'UTF-8' encoding to copy filtered resources.
2023-11-29 08:56:32,054 [Worker-102: Building] INFO  o.e.m.c.i.embedder.EclipseLogger - Copying 0 resource
2023-11-29 08:56:32,057 [Worker-102: Building] INFO  o.e.m.c.i.embedder.EclipseLogger - Using 'UTF-8' encoding to copy filtered resources.
2023-11-29 08:56:32,058 [Worker-102: Building] INFO  o.e.m.c.i.embedder.EclipseLogger - Copying 0 resource
2023-11-29 08:56:52,629 [Worker-98: Building] INFO  o.e.m.c.i.embedder.EclipseLogger - Using 'UTF-8' encoding to copy filtered resources.
2023-11-29 08:56:52,629 [Worker-98: Building] INFO  o.e.m.c.i.embedder.EclipseLogger - Copying 0 resource
2023-11-29 08:56:52,631 [Worker-98: Building] INFO  o.e.m.c.i.embedder.EclipseLogger - Using 'UTF-8' encoding to copy filtered resources.
2023-11-29 08:56:52,632 [Worker-98: Building] INFO  o.e.m.c.i.embedder.EclipseLogger - Copying 0 resource
2023-11-29 08:57:25,357 [Worker-102: Building] INFO  o.e.m.c.i.embedder.EclipseLogger - Using 'UTF-8' encoding to copy filtered resources.
2023-11-29 08:57:25,357 [Worker-102: Building] INFO  o.e.m.c.i.embedder.EclipseLogger - Copying 0 resource
2023-11-29 08:57:25,362 [Worker-102: Building] INFO  o.e.m.c.i.embedder.EclipseLogger - Using 'UTF-8' encoding to copy filtered resources.
2023-11-29 08:57:25,363 [Worker-102: Building] INFO  o.e.m.c.i.embedder.EclipseLogger - Copying 0 resource
2023-11-29 08:57:39,957 [Worker-98: Building] INFO  o.e.m.c.i.embedder.EclipseLogger - Using 'UTF-8' encoding to copy filtered resources.
2023-11-29 08:57:39,958 [Worker-98: Building] INFO  o.e.m.c.i.embedder.EclipseLogger - Copying 0 resource
2023-11-29 08:57:39,962 [Worker-98: Building] INFO  o.e.m.c.i.embedder.EclipseLogger - Using 'UTF-8' encoding to copy filtered resources.
2023-11-29 08:57:39,962 [Worker-98: Building] INFO  o.e.m.c.i.embedder.EclipseLogger - Copying 0 resource
2023-11-29 09:04:01,315 [Worker-102: Building] INFO  o.e.m.c.i.embedder.EclipseLogger - Using 'UTF-8' encoding to copy filtered resources.
2023-11-29 09:04:01,316 [Worker-102: Building] INFO  o.e.m.c.i.embedder.EclipseLogger - Copying 0 resource
2023-11-29 09:04:01,317 [Worker-102: Building] INFO  o.e.m.c.i.embedder.EclipseLogger - Using 'UTF-8' encoding to copy filtered resources.
2023-11-29 09:04:01,319 [Worker-102: Building] INFO  o.e.m.c.i.embedder.EclipseLogger - Copying 0 resource
2023-11-29 14:20:49,890 [Worker-120: Building] INFO  o.e.m.c.i.embedder.EclipseLogger - Using 'UTF-8' encoding to copy filtered resources.
2023-11-29 14:20:49,891 [Worker-120: Building] INFO  o.e.m.c.i.embedder.EclipseLogger - Copying 0 resource
2023-11-29 14:20:49,893 [Worker-120: Building] INFO  o.e.m.c.i.embedder.EclipseLogger - Using 'UTF-8' encoding to copy filtered resources.
2023-11-29 14:20:49,894 [Worker-120: Building] INFO  o.e.m.c.i.embedder.EclipseLogger - Copying 0 resource
2023-11-29 14:20:55,092 [Worker-117: Building] INFO  o.e.m.c.i.embedder.EclipseLogger - Using 'UTF-8' encoding to copy filtered resources.
2023-11-29 14:20:55,093 [Worker-117: Building] INFO  o.e.m.c.i.embedder.EclipseLogger - Copying 0 resource
2023-11-29 14:20:55,094 [Worker-117: Building] INFO  o.e.m.c.i.embedder.EclipseLogger - Using 'UTF-8' encoding to copy filtered resources.
2023-11-29 14:20:55,095 [Worker-117: Building] INFO  o.e.m.c.i.embedder.EclipseLogger - Copying 0 resource
2023-11-29 14:22:09,360 [Worker-117: Building] INFO  o.e.m.c.i.embedder.EclipseLogger - Using 'UTF-8' encoding to copy filtered resources.
2023-11-29 14:22:09,361 [Worker-117: Building] INFO  o.e.m.c.i.embedder.EclipseLogger - Copying 0 resource
2023-11-29 14:22:09,362 [Worker-117: Building] INFO  o.e.m.c.i.embedder.EclipseLogger - Using 'UTF-8' encoding to copy filtered resources.
2023-11-29 14:22:09,364 [Worker-117: Building] INFO  o.e.m.c.i.embedder.EclipseLogger - Copying 0 resource
2023-11-29 14:23:26,308 [Worker-120: Building] INFO  o.e.m.c.i.embedder.EclipseLogger - Using 'UTF-8' encoding to copy filtered resources.
2023-11-29 14:23:26,309 [Worker-120: Building] INFO  o.e.m.c.i.embedder.EclipseLogger - Copying 0 resource
2023-11-29 14:23:26,311 [Worker-120: Building] INFO  o.e.m.c.i.embedder.EclipseLogger - Using 'UTF-8' encoding to copy filtered resources.
2023-11-29 14:23:26,311 [Worker-120: Building] INFO  o.e.m.c.i.embedder.EclipseLogger - Copying 0 resource
2023-11-29 14:24:20,186 [Worker-121: Building] INFO  o.e.m.c.i.embedder.EclipseLogger - Using 'UTF-8' encoding to copy filtered resources.
2023-11-29 14:24:20,187 [Worker-121: Building] INFO  o.e.m.c.i.embedder.EclipseLogger - Copying 0 resource
2023-11-29 14:24:20,188 [Worker-121: Building] INFO  o.e.m.c.i.embedder.EclipseLogger - Using 'UTF-8' encoding to copy filtered resources.
2023-11-29 14:24:20,188 [Worker-121: Building] INFO  o.e.m.c.i.embedder.EclipseLogger - Copying 0 resource
2023-11-29 15:20:26,896 [Worker-123: Building] INFO  o.e.m.c.i.embedder.EclipseLogger - Using 'UTF-8' encoding to copy filtered resources.
2023-11-29 15:20:26,897 [Worker-123: Building] INFO  o.e.m.c.i.embedder.EclipseLogger - Copying 0 resource
2023-11-29 15:20:26,899 [Worker-123: Building] INFO  o.e.m.c.i.embedder.EclipseLogger - Using 'UTF-8' encoding to copy filtered resources.
2023-11-29 15:20:26,900 [Worker-123: Building] INFO  o.e.m.c.i.embedder.EclipseLogger - Copying 0 resource
2023-11-29 16:16:24,557 [Worker-126: Building] INFO  o.e.m.c.i.embedder.EclipseLogger - Using 'UTF-8' encoding to copy filtered resources.
2023-11-29 16:16:24,558 [Worker-126: Building] INFO  o.e.m.c.i.embedder.EclipseLogger - Copying 0 resource
2023-11-29 16:16:24,560 [Worker-126: Building] INFO  o.e.m.c.i.embedder.EclipseLogger - Using 'UTF-8' encoding to copy filtered resources.
2023-11-29 16:16:24,561 [Worker-126: Building] INFO  o.e.m.c.i.embedder.EclipseLogger - Copying 0 resource
2023-11-29 16:17:43,601 [Worker-126: Building] INFO  o.e.m.c.i.embedder.EclipseLogger - Using 'UTF-8' encoding to copy filtered resources.
2023-11-29 16:17:43,602 [Worker-126: Building] INFO  o.e.m.c.i.embedder.EclipseLogger - Copying 0 resource
2023-11-29 16:17:43,605 [Worker-126: Building] INFO  o.e.m.c.i.embedder.EclipseLogger - Using 'UTF-8' encoding to copy filtered resources.
2023-11-29 16:17:43,606 [Worker-126: Building] INFO  o.e.m.c.i.embedder.EclipseLogger - Copying 0 resource
2023-11-29 16:18:21,701 [Worker-127: Building] INFO  o.e.m.c.i.embedder.EclipseLogger - Using 'UTF-8' encoding to copy filtered resources.
2023-11-29 16:18:21,701 [Worker-127: Building] INFO  o.e.m.c.i.embedder.EclipseLogger - Copying 0 resource
2023-11-29 16:18:21,703 [Worker-127: Building] INFO  o.e.m.c.i.embedder.EclipseLogger - Using 'UTF-8' encoding to copy filtered resources.
2023-11-29 16:18:21,704 [Worker-127: Building] INFO  o.e.m.c.i.embedder.EclipseLogger - Copying 0 resource
2023-11-29 16:18:36,111 [Worker-128: Building] INFO  o.e.m.c.i.embedder.EclipseLogger - Using 'UTF-8' encoding to copy filtered resources.
2023-11-29 16:18:36,111 [Worker-128: Building] INFO  o.e.m.c.i.embedder.EclipseLogger - Copying 0 resource
2023-11-29 16:18:36,113 [Worker-128: Building] INFO  o.e.m.c.i.embedder.EclipseLogger - Using 'UTF-8' encoding to copy filtered resources.
2023-11-29 16:18:36,113 [Worker-128: Building] INFO  o.e.m.c.i.embedder.EclipseLogger - Copying 0 resource
2023-11-29 16:18:38,921 [Worker-128: Building] INFO  o.e.m.c.i.embedder.EclipseLogger - Using 'UTF-8' encoding to copy filtered resources.
2023-11-29 16:18:38,922 [Worker-128: Building] INFO  o.e.m.c.i.embedder.EclipseLogger - Copying 0 resource
2023-11-29 16:18:38,924 [Worker-128: Building] INFO  o.e.m.c.i.embedder.EclipseLogger - Using 'UTF-8' encoding to copy filtered resources.
2023-11-29 16:18:38,924 [Worker-128: Building] INFO  o.e.m.c.i.embedder.EclipseLogger - Copying 0 resource
2023-11-29 16:18:46,471 [Worker-130: Building] INFO  o.e.m.c.i.embedder.EclipseLogger - Using 'UTF-8' encoding to copy filtered resources.
2023-11-29 16:18:46,471 [Worker-130: Building] INFO  o.e.m.c.i.embedder.EclipseLogger - Copying 0 resource
2023-11-29 16:18:46,472 [Worker-130: Building] INFO  o.e.m.c.i.embedder.EclipseLogger - Using 'UTF-8' encoding to copy filtered resources.
2023-11-29 16:18:46,473 [Worker-130: Building] INFO  o.e.m.c.i.embedder.EclipseLogger - Copying 0 resource
2023-11-29 16:19:55,814 [Worker-128: Building] INFO  o.e.m.c.i.embedder.EclipseLogger - Using 'UTF-8' encoding to copy filtered resources.
2023-11-29 16:19:55,814 [Worker-128: Building] INFO  o.e.m.c.i.embedder.EclipseLogger - Copying 0 resource
2023-11-29 16:19:55,816 [Worker-128: Building] INFO  o.e.m.c.i.embedder.EclipseLogger - Using 'UTF-8' encoding to copy filtered resources.
2023-11-29 16:19:55,817 [Worker-128: Building] INFO  o.e.m.c.i.embedder.EclipseLogger - Copying 0 resource
2023-11-29 16:20:21,634 [Worker-128: Building] INFO  o.e.m.c.i.embedder.EclipseLogger - Using 'UTF-8' encoding to copy filtered resources.
2023-11-29 16:20:21,635 [Worker-128: Building] INFO  o.e.m.c.i.embedder.EclipseLogger - Copying 0 resource
2023-11-29 16:20:21,637 [Worker-128: Building] INFO  o.e.m.c.i.embedder.EclipseLogger - Using 'UTF-8' encoding to copy filtered resources.
2023-11-29 16:20:21,637 [Worker-128: Building] INFO  o.e.m.c.i.embedder.EclipseLogger - Copying 0 resource
2023-11-29 16:21:38,776 [Worker-128: Building] INFO  o.e.m.c.i.embedder.EclipseLogger - Using 'UTF-8' encoding to copy filtered resources.
2023-11-29 16:21:38,777 [Worker-128: Building] INFO  o.e.m.c.i.embedder.EclipseLogger - Copying 0 resource
2023-11-29 16:21:38,779 [Worker-128: Building] INFO  o.e.m.c.i.embedder.EclipseLogger - Using 'UTF-8' encoding to copy filtered resources.
2023-11-29 16:21:38,779 [Worker-128: Building] INFO  o.e.m.c.i.embedder.EclipseLogger - Copying 0 resource
2023-11-29 16:21:45,226 [Worker-129: Building] INFO  o.e.m.c.i.embedder.EclipseLogger - Using 'UTF-8' encoding to copy filtered resources.
2023-11-29 16:21:45,227 [Worker-129: Building] INFO  o.e.m.c.i.embedder.EclipseLogger - Copying 0 resource
2023-11-29 16:21:45,229 [Worker-129: Building] INFO  o.e.m.c.i.embedder.EclipseLogger - Using 'UTF-8' encoding to copy filtered resources.
2023-11-29 16:21:45,229 [Worker-129: Building] INFO  o.e.m.c.i.embedder.EclipseLogger - Copying 0 resource
2023-11-29 16:22:03,982 [Worker-128: Building] INFO  o.e.m.c.i.embedder.EclipseLogger - Using 'UTF-8' encoding to copy filtered resources.
2023-11-29 16:22:03,983 [Worker-128: Building] INFO  o.e.m.c.i.embedder.EclipseLogger - Copying 0 resource
2023-11-29 16:22:03,984 [Worker-128: Building] INFO  o.e.m.c.i.embedder.EclipseLogger - Using 'UTF-8' encoding to copy filtered resources.
2023-11-29 16:22:03,985 [Worker-128: Building] INFO  o.e.m.c.i.embedder.EclipseLogger - Copying 0 resource
2023-11-29 16:22:50,656 [Worker-129: Building] INFO  o.e.m.c.i.embedder.EclipseLogger - Using 'UTF-8' encoding to copy filtered resources.
2023-11-29 16:22:50,656 [Worker-129: Building] INFO  o.e.m.c.i.embedder.EclipseLogger - Copying 0 resource
2023-11-29 16:22:50,658 [Worker-129: Building] INFO  o.e.m.c.i.embedder.EclipseLogger - Using 'UTF-8' encoding to copy filtered resources.
2023-11-29 16:22:50,658 [Worker-129: Building] INFO  o.e.m.c.i.embedder.EclipseLogger - Copying 0 resource
2023-11-29 16:23:28,812 [Worker-130: Building] INFO  o.e.m.c.i.embedder.EclipseLogger - Using 'UTF-8' encoding to copy filtered resources.
2023-11-29 16:23:28,813 [Worker-130: Building] INFO  o.e.m.c.i.embedder.EclipseLogger - Copying 0 resource
2023-11-29 16:23:28,814 [Worker-130: Building] INFO  o.e.m.c.i.embedder.EclipseLogger - Using 'UTF-8' encoding to copy filtered resources.
2023-11-29 16:23:28,815 [Worker-130: Building] INFO  o.e.m.c.i.embedder.EclipseLogger - Copying 0 resource
2023-11-29 16:23:51,798 [Worker-128: Building] INFO  o.e.m.c.i.embedder.EclipseLogger - Using 'UTF-8' encoding to copy filtered resources.
2023-11-29 16:23:51,799 [Worker-128: Building] INFO  o.e.m.c.i.embedder.EclipseLogger - Copying 0 resource
2023-11-29 16:23:51,801 [Worker-128: Building] INFO  o.e.m.c.i.embedder.EclipseLogger - Using 'UTF-8' encoding to copy filtered resources.
2023-11-29 16:23:51,802 [Worker-128: Building] INFO  o.e.m.c.i.embedder.EclipseLogger - Copying 0 resource
2023-11-29 16:25:10,892 [Worker-128: Building] INFO  o.e.m.c.i.embedder.EclipseLogger - Using 'UTF-8' encoding to copy filtered resources.
2023-11-29 16:25:10,895 [Worker-128: Building] INFO  o.e.m.c.i.embedder.EclipseLogger - Copying 0 resource
2023-11-29 16:25:10,900 [Worker-128: Building] INFO  o.e.m.c.i.embedder.EclipseLogger - Using 'UTF-8' encoding to copy filtered resources.
2023-11-29 16:25:10,902 [Worker-128: Building] INFO  o.e.m.c.i.embedder.EclipseLogger - Copying 0 resource
2023-11-29 16:25:57,699 [Worker-128: Building] INFO  o.e.m.c.i.embedder.EclipseLogger - Using 'UTF-8' encoding to copy filtered resources.
2023-11-29 16:25:57,700 [Worker-128: Building] INFO  o.e.m.c.i.embedder.EclipseLogger - Copying 0 resource
2023-11-29 16:25:57,701 [Worker-128: Building] INFO  o.e.m.c.i.embedder.EclipseLogger - Using 'UTF-8' encoding to copy filtered resources.
2023-11-29 16:25:57,702 [Worker-128: Building] INFO  o.e.m.c.i.embedder.EclipseLogger - Copying 0 resource
2023-11-29 16:26:30,486 [Worker-128: Building] INFO  o.e.m.c.i.embedder.EclipseLogger - Using 'UTF-8' encoding to copy filtered resources.
2023-11-29 16:26:30,487 [Worker-128: Building] INFO  o.e.m.c.i.embedder.EclipseLogger - Copying 0 resource
2023-11-29 16:26:30,489 [Worker-128: Building] INFO  o.e.m.c.i.embedder.EclipseLogger - Using 'UTF-8' encoding to copy filtered resources.
2023-11-29 16:26:30,489 [Worker-128: Building] INFO  o.e.m.c.i.embedder.EclipseLogger - Copying 0 resource
2023-11-30 08:59:51,121 [Worker-141: Building] INFO  o.e.m.c.i.embedder.EclipseLogger - Using 'UTF-8' encoding to copy filtered resources.
2023-11-30 08:59:51,123 [Worker-141: Building] INFO  o.e.m.c.i.embedder.EclipseLogger - Copying 0 resource
2023-11-30 08:59:51,129 [Worker-141: Building] INFO  o.e.m.c.i.embedder.EclipseLogger - Using 'UTF-8' encoding to copy filtered resources.
2023-11-30 08:59:51,131 [Worker-141: Building] INFO  o.e.m.c.i.embedder.EclipseLogger - Copying 0 resource
2023-11-30 15:38:35,612 [Worker-161: Building] INFO  o.e.m.c.i.embedder.EclipseLogger - Using 'UTF-8' encoding to copy filtered resources.
2023-11-30 15:38:35,615 [Worker-161: Building] INFO  o.e.m.c.i.embedder.EclipseLogger - Copying 0 resource
2023-11-30 15:38:35,617 [Worker-161: Building] INFO  o.e.m.c.i.embedder.EclipseLogger - Using 'UTF-8' encoding to copy filtered resources.
2023-11-30 15:38:35,617 [Worker-161: Building] INFO  o.e.m.c.i.embedder.EclipseLogger - Copying 0 resource
2023-12-01 16:58:29,965 [Worker-2: Loading available Gradle versions] INFO  o.e.b.c.i.u.g.PublishedGradleVersions - Gradle version information cache is out-of-date. Trying to update.
2023-12-01 16:58:43,537 [Worker-10: Building] INFO  o.e.m.c.i.embedder.EclipseLogger - Using 'UTF-8' encoding to copy filtered resources.
2023-12-01 16:58:43,539 [Worker-10: Building] INFO  o.e.m.c.i.embedder.EclipseLogger - skip non existing resourceDirectory C:\LaptopData\GroTechMindClass\FaceBook\src\main\resources
2023-12-01 16:58:43,573 [Worker-10: Building] INFO  o.e.m.c.i.embedder.EclipseLogger - Using 'UTF-8' encoding to copy filtered resources.
2023-12-01 16:58:43,573 [Worker-10: Building] INFO  o.e.m.c.i.embedder.EclipseLogger - skip non existing resourceDirectory C:\LaptopData\GroTechMindClass\FaceBook\src\test\resources
2023-12-01 16:58:47,933 [Worker-10: Building] INFO  o.e.m.c.i.embedder.EclipseLogger - Using 'UTF-8' encoding to copy filtered resources.
2023-12-01 16:58:47,947 [Worker-10: Building] INFO  o.e.m.c.i.embedder.EclipseLogger - Copying 0 resource
2023-12-01 16:58:47,958 [Worker-10: Building] INFO  o.e.m.c.i.embedder.EclipseLogger - Using 'UTF-8' encoding to copy filtered resources.
2023-12-01 16:58:47,959 [Worker-10: Building] INFO  o.e.m.c.i.embedder.EclipseLogger - Copying 0 resource
2023-12-01 16:58:51,011 [Worker-10: Building] INFO  o.e.m.c.i.embedder.EclipseLogger - Using 'UTF-8' encoding to copy filtered resources.
2023-12-01 16:58:51,012 [Worker-10: Building] INFO  o.e.m.c.i.embedder.EclipseLogger - Copying 0 resource
2023-12-01 16:58:51,031 [Worker-10: Building] INFO  o.e.m.c.i.embedder.EclipseLogger - Using 'UTF-8' encoding to copy filtered resources.
2023-12-01 16:58:51,035 [Worker-10: Building] INFO  o.e.m.c.i.embedder.EclipseLogger - Copying 0 resource
2023-12-01 17:00:32,086 [Start Help Server] INFO  org.eclipse.jetty.server.Server - jetty-10.0.15; built: 2023-04-11T17:25:14.480Z; git: 68017dbd00236bb7e187330d7585a059610f661d; jvm 21.0.1+12-LTS
2023-12-01 17:00:32,185 [Start Help Server] INFO  o.e.j.s.s.DefaultSessionIdManager - Session workerName=node0
2023-12-01 17:00:32,279 [Start Help Server] INFO  o.e.j.server.handler.ContextHandler - Started o.e.j.s.ServletContextHandler@5a7f4950{/help,null,AVAILABLE}
2023-12-01 17:00:32,338 [Start Help Server] INFO  o.e.jetty.server.AbstractConnector - Started ServerConnector@19b410aa{HTTP/1.1, (http/1.1)}{127.0.0.1:51117}
2023-12-01 17:00:32,434 [Start Help Server] INFO  org.eclipse.jetty.server.Server - Started Server@2b258a07{STARTING}[10.0.15,sto=0] @157677ms
2023-12-01 17:01:15,237 [Worker-4: Building] INFO  o.e.m.c.i.embedder.EclipseLogger - Using 'UTF-8' encoding to copy filtered resources.
2023-12-01 17:01:15,264 [Worker-4: Building] INFO  o.e.m.c.i.embedder.EclipseLogger - Copying 0 resource
2023-12-01 17:01:15,271 [Worker-4: Building] INFO  o.e.m.c.i.embedder.EclipseLogger - Using 'UTF-8' encoding to copy filtered resources.
2023-12-01 17:01:15,273 [Worker-4: Building] INFO  o.e.m.c.i.embedder.EclipseLogger - Copying 0 resource
2023-12-01 17:37:29,831 [Worker-27: Building] INFO  o.e.m.c.i.embedder.EclipseLogger - Using 'UTF-8' encoding to copy filtered resources.
2023-12-01 17:37:29,832 [Worker-27: Building] INFO  o.e.m.c.i.embedder.EclipseLogger - Copying 0 resource
2023-12-01 17:37:29,835 [Worker-27: Building] INFO  o.e.m.c.i.embedder.EclipseLogger - Using 'UTF-8' encoding to copy filtered resources.
2023-12-01 17:37:29,835 [Worker-27: Building] INFO  o.e.m.c.i.embedder.EclipseLogger - Copying 0 resource
2023-12-01 17:37:31,963 [Worker-27: Building] INFO  o.e.m.c.i.embedder.EclipseLogger - Using 'UTF-8' encoding to copy filtered resources.
2023-12-01 17:37:31,964 [Worker-27: Building] INFO  o.e.m.c.i.embedder.EclipseLogger - Copying 0 resource
2023-12-01 17:37:31,967 [Worker-27: Building] INFO  o.e.m.c.i.embedder.EclipseLogger - Using 'UTF-8' encoding to copy filtered resources.
2023-12-01 17:37:31,967 [Worker-27: Building] INFO  o.e.m.c.i.embedder.EclipseLogger - Copying 0 resource
2023-12-01 17:41:34,536 [Worker-28: Building] INFO  o.e.m.c.i.embedder.EclipseLogger - Using 'UTF-8' encoding to copy filtered resources.
2023-12-01 17:41:34,536 [Worker-28: Building] INFO  o.e.m.c.i.embedder.EclipseLogger - Copying 0 resource
2023-12-01 17:41:34,538 [Worker-28: Building] INFO  o.e.m.c.i.embedder.EclipseLogger - Using 'UTF-8' encoding to copy filtered resources.
2023-12-01 17:41:34,538 [Worker-28: Building] INFO  o.e.m.c.i.embedder.EclipseLogger - Copying 0 resource
2023-12-01 17:46:11,866 [Worker-31: Launching DataproviderAss2] INFO  o.e.m.c.i.embedder.EclipseLogger - Using 'UTF-8' encoding to copy filtered resources.
2023-12-01 17:46:11,868 [Worker-31: Launching DataproviderAss2] INFO  o.e.m.c.i.embedder.EclipseLogger - Copying 0 resource
2023-12-01 17:46:11,873 [Worker-31: Launching DataproviderAss2] INFO  o.e.m.c.i.embedder.EclipseLogger - Using 'UTF-8' encoding to copy filtered resources.
2023-12-01 17:46:11,875 [Worker-31: Launching DataproviderAss2] INFO  o.e.m.c.i.embedder.EclipseLogger - Copying 0 resource
2023-12-01 17:47:52,438 [Worker-28: Building] INFO  o.e.m.c.i.embedder.EclipseLogger - Using 'UTF-8' encoding to copy filtered resources.
2023-12-01 17:47:52,439 [Worker-28: Building] INFO  o.e.m.c.i.embedder.EclipseLogger - Copying 0 resource
2023-12-01 17:47:52,442 [Worker-28: Building] INFO  o.e.m.c.i.embedder.EclipseLogger - Using 'UTF-8' encoding to copy filtered resources.
2023-12-01 17:47:52,442 [Worker-28: Building] INFO  o.e.m.c.i.embedder.EclipseLogger - Copying 0 resource
2023-12-01 17:48:35,854 [Worker-28: Building] INFO  o.e.m.c.i.embedder.EclipseLogger - Using 'UTF-8' encoding to copy filtered resources.
2023-12-01 17:48:35,859 [Worker-28: Building] INFO  o.e.m.c.i.embedder.EclipseLogger - Copying 0 resource
2023-12-01 17:48:35,866 [Worker-28: Building] INFO  o.e.m.c.i.embedder.EclipseLogger - Using 'UTF-8' encoding to copy filtered resources.
2023-12-01 17:48:35,868 [Worker-28: Building] INFO  o.e.m.c.i.embedder.EclipseLogger - Copying 0 resource
2023-12-01 21:39:31,297 [Stop Help Server] INFO  org.eclipse.jetty.server.Server - Stopped Server@2b258a07{STOPPING}[10.0.15,sto=0]
2023-12-01 21:39:31,360 [Stop Help Server] INFO  o.e.jetty.server.AbstractConnector - Stopped ServerConnector@19b410aa{HTTP/1.1, (http/1.1)}{127.0.0.1:0}
2023-12-01 21:39:31,418 [Stop Help Server] INFO  o.e.j.server.handler.ContextHandler - Stopped o.e.j.s.ServletContextHandler@5a7f4950{/help,null,STOPPED}
2023-12-02 06:44:30,832 [Worker-1: Loading available Gradle versions] INFO  o.e.b.c.i.u.g.PublishedGradleVersions - Gradle version information cache is up-to-date. Trying to read.
2023-12-02 07:18:55,309 [Worker-25: Building] INFO  o.e.m.c.i.embedder.EclipseLogger - Using 'UTF-8' encoding to copy filtered resources.
2023-12-02 07:18:55,314 [Worker-25: Building] INFO  o.e.m.c.i.embedder.EclipseLogger - Copying 0 resource
2023-12-02 07:18:55,318 [Worker-25: Building] INFO  o.e.m.c.i.embedder.EclipseLogger - Using 'UTF-8' encoding to copy filtered resources.
2023-12-02 07:18:55,319 [Worker-25: Building] INFO  o.e.m.c.i.embedder.EclipseLogger - Copying 0 resource
2023-12-02 07:19:15,323 [Worker-30: Building] INFO  o.e.m.c.i.embedder.EclipseLogger - Using 'UTF-8' encoding to copy filtered resources.
2023-12-02 07:19:15,325 [Worker-30: Building] INFO  o.e.m.c.i.embedder.EclipseLogger - Copying 0 resource
2023-12-02 07:19:15,328 [Worker-30: Building] INFO  o.e.m.c.i.embedder.EclipseLogger - Using 'UTF-8' encoding to copy filtered resources.
2023-12-02 07:19:15,329 [Worker-30: Building] INFO  o.e.m.c.i.embedder.EclipseLogger - Copying 0 resource
2023-12-02 07:22:04,659 [Worker-25: Building] INFO  o.e.m.c.i.embedder.EclipseLogger - Using 'UTF-8' encoding to copy filtered resources.
2023-12-02 07:22:04,659 [Worker-25: Building] INFO  o.e.m.c.i.embedder.EclipseLogger - Copying 0 resource
2023-12-02 07:22:04,662 [Worker-25: Building] INFO  o.e.m.c.i.embedder.EclipseLogger - Using 'UTF-8' encoding to copy filtered resources.
2023-12-02 07:22:04,662 [Worker-25: Building] INFO  o.e.m.c.i.embedder.EclipseLogger - Copying 0 resource
2023-12-02 07:22:18,689 [Start Help Server] INFO  org.eclipse.jetty.server.Server - jetty-10.0.15; built: 2023-04-11T17:25:14.480Z; git: 68017dbd00236bb7e187330d7585a059610f661d; jvm 21.0.1+12-LTS
2023-12-02 07:22:18,733 [Start Help Server] INFO  o.e.j.s.s.DefaultSessionIdManager - Session workerName=node0
2023-12-02 07:22:18,774 [Start Help Server] INFO  o.e.j.server.handler.ContextHandler - Started o.e.j.s.ServletContextHandler@2d156e5{/help,null,AVAILABLE}
2023-12-02 07:22:18,797 [Start Help Server] INFO  o.e.jetty.server.AbstractConnector - Started ServerConnector@18f143a8{HTTP/1.1, (http/1.1)}{127.0.0.1:49292}
2023-12-02 07:22:18,829 [Start Help Server] INFO  org.eclipse.jetty.server.Server - Started Server@1ea4e9a{STARTING}[10.0.15,sto=0] @2292011ms
2023-12-02 07:25:00,439 [Worker-30: Launching Selenium_regressiontestnggroup.xml] INFO  o.e.m.c.i.embedder.EclipseLogger - Using 'UTF-8' encoding to copy filtered resources.
2023-12-02 07:25:00,440 [Worker-30: Launching Selenium_regressiontestnggroup.xml] INFO  o.e.m.c.i.embedder.EclipseLogger - Copying 0 resource
2023-12-02 07:25:00,443 [Worker-30: Launching Selenium_regressiontestnggroup.xml] INFO  o.e.m.c.i.embedder.EclipseLogger - Using 'UTF-8' encoding to copy filtered resources.
2023-12-02 07:25:00,443 [Worker-30: Launching Selenium_regressiontestnggroup.xml] INFO  o.e.m.c.i.embedder.EclipseLogger - Copying 0 resource
2023-12-02 07:26:17,980 [Worker-30: Building] INFO  o.e.m.c.i.embedder.EclipseLogger - Using 'UTF-8' encoding to copy filtered resources.
2023-12-02 07:26:17,981 [Worker-30: Building] INFO  o.e.m.c.i.embedder.EclipseLogger - Copying 0 resource
2023-12-02 07:26:17,983 [Worker-30: Building] INFO  o.e.m.c.i.embedder.EclipseLogger - Using 'UTF-8' encoding to copy filtered resources.
2023-12-02 07:26:17,983 [Worker-30: Building] INFO  o.e.m.c.i.embedder.EclipseLogger - Copying 0 resource
2023-12-02 07:28:20,966 [Worker-35: Building] INFO  o.e.m.c.i.embedder.EclipseLogger - Using 'UTF-8' encoding to copy filtered resources.
2023-12-02 07:28:20,967 [Worker-35: Building] INFO  o.e.m.c.i.embedder.EclipseLogger - Copying 0 resource
2023-12-02 07:28:20,969 [Worker-35: Building] INFO  o.e.m.c.i.embedder.EclipseLogger - Using 'UTF-8' encoding to copy filtered resources.
2023-12-02 07:28:20,970 [Worker-35: Building] INFO  o.e.m.c.i.embedder.EclipseLogger - Copying 0 resource
2023-12-02 07:28:50,047 [Worker-35: Building] INFO  o.e.m.c.i.embedder.EclipseLogger - Using 'UTF-8' encoding to copy filtered resources.
2023-12-02 07:28:50,048 [Worker-35: Building] INFO  o.e.m.c.i.embedder.EclipseLogger - Copying 0 resource
2023-12-02 07:28:50,049 [Worker-35: Building] INFO  o.e.m.c.i.embedder.EclipseLogger - Using 'UTF-8' encoding to copy filtered resources.
2023-12-02 07:28:50,050 [Worker-35: Building] INFO  o.e.m.c.i.embedder.EclipseLogger - Copying 0 resource
2023-12-02 07:32:24,317 [Worker-38: Building] INFO  o.e.m.c.i.embedder.EclipseLogger - Using 'UTF-8' encoding to copy filtered resources.
2023-12-02 07:32:24,318 [Worker-38: Building] INFO  o.e.m.c.i.embedder.EclipseLogger - Copying 0 resource
2023-12-02 07:32:24,319 [Worker-38: Building] INFO  o.e.m.c.i.embedder.EclipseLogger - Using 'UTF-8' encoding to copy filtered resources.
2023-12-02 07:32:24,320 [Worker-38: Building] INFO  o.e.m.c.i.embedder.EclipseLogger - Copying 0 resource
2023-12-02 07:32:36,436 [Worker-38: Building] INFO  o.e.m.c.i.embedder.EclipseLogger - Using 'UTF-8' encoding to copy filtered resources.
2023-12-02 07:32:36,437 [Worker-38: Building] INFO  o.e.m.c.i.embedder.EclipseLogger - Copying 0 resource
2023-12-02 07:32:36,439 [Worker-38: Building] INFO  o.e.m.c.i.embedder.EclipseLogger - Using 'UTF-8' encoding to copy filtered resources.
2023-12-02 07:32:36,440 [Worker-38: Building] INFO  o.e.m.c.i.embedder.EclipseLogger - Copying 0 resource
2023-12-02 07:37:40,502 [Worker-42: Building] INFO  o.e.m.c.i.embedder.EclipseLogger - Using 'UTF-8' encoding to copy filtered resources.
2023-12-02 07:37:40,502 [Worker-42: Building] INFO  o.e.m.c.i.embedder.EclipseLogger - Copying 0 resource
2023-12-02 07:37:40,505 [Worker-42: Building] INFO  o.e.m.c.i.embedder.EclipseLogger - Using 'UTF-8' encoding to copy filtered resources.
2023-12-02 07:37:40,505 [Worker-42: Building] INFO  o.e.m.c.i.embedder.EclipseLogger - Copying 0 resource
2023-12-02 07:37:52,538 [Worker-42: Building] INFO  o.e.m.c.i.embedder.EclipseLogger - Using 'UTF-8' encoding to copy filtered resources.
2023-12-02 07:37:52,539 [Worker-42: Building] INFO  o.e.m.c.i.embedder.EclipseLogger - Copying 0 resource
2023-12-02 07:37:52,540 [Worker-42: Building] INFO  o.e.m.c.i.embedder.EclipseLogger - Using 'UTF-8' encoding to copy filtered resources.
2023-12-02 07:37:52,541 [Worker-42: Building] INFO  o.e.m.c.i.embedder.EclipseLogger - Copying 0 resource
2023-12-02 07:43:15,826 [Worker-45: Building] INFO  o.e.m.c.i.embedder.EclipseLogger - Using 'UTF-8' encoding to copy filtered resources.
2023-12-02 07:43:15,826 [Worker-45: Building] INFO  o.e.m.c.i.embedder.EclipseLogger - Copying 0 resource
2023-12-02 07:43:15,829 [Worker-45: Building] INFO  o.e.m.c.i.embedder.EclipseLogger - Using 'UTF-8' encoding to copy filtered resources.
2023-12-02 07:43:15,829 [Worker-45: Building] INFO  o.e.m.c.i.embedder.EclipseLogger - Copying 0 resource
2023-12-02 07:43:18,537 [Worker-49: Building] INFO  o.e.m.c.i.embedder.EclipseLogger - Using 'UTF-8' encoding to copy filtered resources.
2023-12-02 07:43:18,537 [Worker-49: Building] INFO  o.e.m.c.i.embedder.EclipseLogger - Copying 0 resource
2023-12-02 07:43:18,538 [Worker-49: Building] INFO  o.e.m.c.i.embedder.EclipseLogger - Using 'UTF-8' encoding to copy filtered resources.
2023-12-02 07:43:18,538 [Worker-49: Building] INFO  o.e.m.c.i.embedder.EclipseLogger - Copying 0 resource
2023-12-02 07:43:55,414 [Worker-49: Building] INFO  o.e.m.c.i.embedder.EclipseLogger - Using 'UTF-8' encoding to copy filtered resources.
2023-12-02 07:43:55,414 [Worker-49: Building] INFO  o.e.m.c.i.embedder.EclipseLogger - Copying 0 resource
2023-12-02 07:43:55,416 [Worker-49: Building] INFO  o.e.m.c.i.embedder.EclipseLogger - Using 'UTF-8' encoding to copy filtered resources.
2023-12-02 07:43:55,416 [Worker-49: Building] INFO  o.e.m.c.i.embedder.EclipseLogger - Copying 0 resource
2023-12-02 07:45:11,086 [Worker-51: Building] INFO  o.e.m.c.i.embedder.EclipseLogger - Using 'UTF-8' encoding to copy filtered resources.
2023-12-02 07:45:11,087 [Worker-51: Building] INFO  o.e.m.c.i.embedder.EclipseLogger - Copying 0 resource
2023-12-02 07:45:11,088 [Worker-51: Building] INFO  o.e.m.c.i.embedder.EclipseLogger - Using 'UTF-8' encoding to copy filtered resources.
2023-12-02 07:45:11,089 [Worker-51: Building] INFO  o.e.m.c.i.embedder.EclipseLogger - Copying 0 resource
2023-12-02 07:54:12,257 [Worker-56: Building Workspace] INFO  o.e.m.c.i.embedder.EclipseLogger - Using 'UTF-8' encoding to copy filtered resources.
2023-12-02 07:54:12,258 [Worker-56: Building Workspace] INFO  o.e.m.c.i.embedder.EclipseLogger - Copying 0 resource
2023-12-02 07:54:12,261 [Worker-56: Building Workspace] INFO  o.e.m.c.i.embedder.EclipseLogger - Using 'UTF-8' encoding to copy filtered resources.
2023-12-02 07:54:12,261 [Worker-56: Building Workspace] INFO  o.e.m.c.i.embedder.EclipseLogger - Copying 0 resource
2023-12-02 07:54:44,723 [Worker-61: Building] INFO  o.e.m.c.i.embedder.EclipseLogger - Using 'UTF-8' encoding to copy filtered resources.
2023-12-02 07:54:44,723 [Worker-61: Building] INFO  o.e.m.c.i.embedder.EclipseLogger - Copying 0 resource
2023-12-02 07:54:44,725 [Worker-61: Building] INFO  o.e.m.c.i.embedder.EclipseLogger - Using 'UTF-8' encoding to copy filtered resources.
2023-12-02 07:54:44,725 [Worker-61: Building] INFO  o.e.m.c.i.embedder.EclipseLogger - Copying 0 resource
2023-12-02 07:57:36,544 [Worker-56: Launching DataproviderAss3] INFO  o.e.m.c.i.embedder.EclipseLogger - Using 'UTF-8' encoding to copy filtered resources.
2023-12-02 07:57:36,545 [Worker-56: Launching DataproviderAss3] INFO  o.e.m.c.i.embedder.EclipseLogger - Copying 0 resource
2023-12-02 07:57:36,547 [Worker-56: Launching DataproviderAss3] INFO  o.e.m.c.i.embedder.EclipseLogger - Using 'UTF-8' encoding to copy filtered resources.
2023-12-02 07:57:36,547 [Worker-56: Launching DataproviderAss3] INFO  o.e.m.c.i.embedder.EclipseLogger - Copying 0 resource
2023-12-02 08:04:46,570 [Worker-64: Building] INFO  o.e.m.c.i.embedder.EclipseLogger - Using 'UTF-8' encoding to copy filtered resources.
2023-12-02 08:04:46,600 [Worker-64: Building] INFO  o.e.m.c.i.embedder.EclipseLogger - Copying 0 resource
2023-12-02 08:04:46,602 [Worker-64: Building] INFO  o.e.m.c.i.embedder.EclipseLogger - Using 'UTF-8' encoding to copy filtered resources.
2023-12-02 08:04:46,602 [Worker-64: Building] INFO  o.e.m.c.i.embedder.EclipseLogger - Copying 0 resource
2023-12-02 08:05:11,318 [Worker-66: Building] INFO  o.e.m.c.i.embedder.EclipseLogger - Using 'UTF-8' encoding to copy filtered resources.
2023-12-02 08:05:11,318 [Worker-66: Building] INFO  o.e.m.c.i.embedder.EclipseLogger - Copying 0 resource
2023-12-02 08:05:11,320 [Worker-66: Building] INFO  o.e.m.c.i.embedder.EclipseLogger - Using 'UTF-8' encoding to copy filtered resources.
2023-12-02 08:05:11,321 [Worker-66: Building] INFO  o.e.m.c.i.embedder.EclipseLogger - Copying 0 resource
